# JRE version: Java(TM) SE Runtime Environment (8.0_211-b12) (build 1.8.0_211-b12)
# Java VM: Java HotSpot(TM) 64-Bit Server VM (25.211-b12 mixed mode windows-amd64 compressed oops)
Heap:
 PSYoungGen      total 111104K, used 39758K [0x00000000eab00000, 0x00000000f2e00000, 0x0000000100000000)
  eden space 100352K, 28% used [0x00000000eab00000,0x00000000ec767258,0x00000000f0d00000)
  from space 10752K, 99% used [0x00000000f0f00000,0x00000000f196c958,0x00000000f1980000)
  to   space 16896K, 0% used [0x00000000f1d80000,0x00000000f1d80000,0x00000000f2e00000)
 ParOldGen       total 140800K, used 33837K [0x00000000c0000000, 0x00000000c8980000, 0x00000000eab00000)
  object space 140800K, 24% used [0x00000000c0000000,0x00000000c210b468,0x00000000c8980000)
 Metaspace       used 54183K, capacity 56479K, committed 56616K, reserved 1097728K
  class space    used 7558K, capacity 8227K, committed 8232K, reserved 1048576K
GC Heap History (10 events):
Event: 105.795 GC heap before
{Heap before GC invocations=9 (full 2):
 PSYoungGen      total 75264K, used 64512K [0x00000000eab00000, 0x00000000f2600000, 0x0000000100000000)
  eden space 64512K, 100% used [0x00000000eab00000,0x00000000eea00000,0x00000000eea00000)
  from space 10752K, 0% used [0x00000000f1b80000,0x00000000f1b80000,0x00000000f2600000)
  to   space 12288K, 0% used [0x00000000f0e00000,0x00000000f0e00000,0x00000000f1a00000)
 ParOldGen       total 140800K, used 16764K [0x00000000c0000000, 0x00000000c8980000, 0x00000000eab00000)
  object space 140800K, 11% used [0x00000000c0000000,0x00000000c105f1c0,0x00000000c8980000)
 Metaspace       used 39464K, capacity 40411K, committed 40616K, reserved 1083392K
  class space    used 5675K, capacity 5979K, committed 6056K, reserved 1048576K
Event: 105.801 GC heap after
Heap after GC invocations=9 (full 2):
 PSYoungGen      total 113664K, used 7693K [0x00000000eab00000, 0x00000000f2c00000, 0x0000000100000000)
  eden space 101376K, 0% used [0x00000000eab00000,0x00000000eab00000,0x00000000f0e00000)
  from space 12288K, 62% used [0x00000000f0e00000,0x00000000f15836d0,0x00000000f1a00000)
  to   space 12288K, 0% used [0x00000000f2000000,0x00000000f2000000,0x00000000f2c00000)
 ParOldGen       total 140800K, used 16772K [0x00000000c0000000, 0x00000000c8980000, 0x00000000eab00000)
  object space 140800K, 11% used [0x00000000c0000000,0x00000000c10611c0,0x00000000c8980000)
 Metaspace       used 39464K, capacity 40411K, committed 40616K, reserved 1083392K
  class space    used 5675K, capacity 5979K, committed 6056K, reserved 1048576K
}
Event: 106.719 GC heap before
{Heap before GC invocations=10 (full 2):
 PSYoungGen      total 113664K, used 109069K [0x00000000eab00000, 0x00000000f2c00000, 0x0000000100000000)
  eden space 101376K, 100% used [0x00000000eab00000,0x00000000f0e00000,0x00000000f0e00000)
  from space 12288K, 62% used [0x00000000f0e00000,0x00000000f15836d0,0x00000000f1a00000)
  to   space 12288K, 0% used [0x00000000f2000000,0x00000000f2000000,0x00000000f2c00000)
 ParOldGen       total 140800K, used 16772K [0x00000000c0000000, 0x00000000c8980000, 0x00000000eab00000)
  object space 140800K, 11% used [0x00000000c0000000,0x00000000c10611c0,0x00000000c8980000)
 Metaspace       used 42531K, capacity 43549K, committed 43688K, reserved 1087488K
  class space    used 6173K, capacity 6487K, committed 6568K, reserved 1048576K
Event: 106.729 GC heap after
Heap after GC invocations=10 (full 2):
 PSYoungGen      total 118784K, used 12272K [0x00000000eab00000, 0x00000000f6d00000, 0x0000000100000000)
  eden space 106496K, 0% used [0x00000000eab00000,0x00000000eab00000,0x00000000f1300000)
  from space 12288K, 99% used [0x00000000f2000000,0x00000000f2bfc100,0x00000000f2c00000)
  to   space 13312K, 0% used [0x00000000f1300000,0x00000000f1300000,0x00000000f2000000)
 ParOldGen       total 140800K, used 17570K [0x00000000c0000000, 0x00000000c8980000, 0x00000000eab00000)
  object space 140800K, 12% used [0x00000000c0000000,0x00000000c1128a48,0x00000000c8980000)
 Metaspace       used 42531K, capacity 43549K, committed 43688K, reserved 1087488K
  class space    used 6173K, capacity 6487K, committed 6568K, reserved 1048576K
}
Event: 370.923 GC heap before
{Heap before GC invocations=11 (full 2):
 PSYoungGen      total 118784K, used 118768K [0x00000000eab00000, 0x00000000f6d00000, 0x0000000100000000)
  eden space 106496K, 100% used [0x00000000eab00000,0x00000000f1300000,0x00000000f1300000)
  from space 12288K, 99% used [0x00000000f2000000,0x00000000f2bfc100,0x00000000f2c00000)
  to   space 13312K, 0% used [0x00000000f1300000,0x00000000f1300000,0x00000000f2000000)
 ParOldGen       total 140800K, used 17570K [0x00000000c0000000, 0x00000000c8980000, 0x00000000eab00000)
  object space 140800K, 12% used [0x00000000c0000000,0x00000000c1128a48,0x00000000c8980000)
 Metaspace       used 45206K, capacity 46955K, committed 47272K, reserved 1089536K
  class space    used 6486K, capacity 6994K, committed 7080K, reserved 1048576K
Event: 370.932 GC heap after
Heap after GC invocations=11 (full 2):
 PSYoungGen      total 117760K, used 13309K [0x00000000eab00000, 0x00000000f3100000, 0x0000000100000000)
  eden space 104448K, 0% used [0x00000000eab00000,0x00000000eab00000,0x00000000f1100000)
  from space 13312K, 99% used [0x00000000f1300000,0x00000000f1fff710,0x00000000f2000000)
  to   space 16384K, 0% used [0x00000000f2100000,0x00000000f2100000,0x00000000f3100000)
 ParOldGen       total 140800K, used 21155K [0x00000000c0000000, 0x00000000c8980000, 0x00000000eab00000)
  object space 140800K, 15% used [0x00000000c0000000,0x00000000c14a8c38,0x00000000c8980000)
 Metaspace       used 45206K, capacity 46955K, committed 47272K, reserved 1089536K
  class space    used 6486K, capacity 6994K, committed 7080K, reserved 1048576K
}
Event: 504.860 GC heap before
{Heap before GC invocations=12 (full 2):
 PSYoungGen      total 117760K, used 117757K [0x00000000eab00000, 0x00000000f3100000, 0x0000000100000000)
  eden space 104448K, 100% used [0x00000000eab00000,0x00000000f1100000,0x00000000f1100000)
  from space 13312K, 99% used [0x00000000f1300000,0x00000000f1fff710,0x00000000f2000000)
  to   space 16384K, 0% used [0x00000000f2100000,0x00000000f2100000,0x00000000f3100000)
 ParOldGen       total 140800K, used 21155K [0x00000000c0000000, 0x00000000c8980000, 0x00000000eab00000)
  object space 140800K, 15% used [0x00000000c0000000,0x00000000c14a8c38,0x00000000c8980000)
 Metaspace       used 51690K, capacity 53483K, committed 53672K, reserved 1095680K
  class space    used 7236K, capacity 7765K, committed 7848K, reserved 1048576K
Event: 504.875 GC heap after
Heap after GC invocations=12 (full 2):
 PSYoungGen      total 118784K, used 15980K [0x00000000eab00000, 0x00000000f3200000, 0x0000000100000000)
  eden space 102400K, 0% used [0x00000000eab00000,0x00000000eab00000,0x00000000f0f00000)
  from space 16384K, 97% used [0x00000000f2100000,0x00000000f309b0a0,0x00000000f3100000)
  to   space 17920K, 0% used [0x00000000f0f00000,0x00000000f0f00000,0x00000000f2080000)
 ParOldGen       total 140800K, used 25139K [0x00000000c0000000, 0x00000000c8980000, 0x00000000eab00000)
  object space 140800K, 17% used [0x00000000c0000000,0x00000000c188ccd8,0x00000000c8980000)
 Metaspace       used 51690K, capacity 53483K, committed 53672K, reserved 1095680K
  class space    used 7236K, capacity 7765K, committed 7848K, reserved 1048576K
}
Event: 546.093 GC heap before
{Heap before GC invocations=13 (full 2):
 PSYoungGen      total 118784K, used 118380K [0x00000000eab00000, 0x00000000f3200000, 0x0000000100000000)
  eden space 102400K, 100% used [0x00000000eab00000,0x00000000f0f00000,0x00000000f0f00000)
  from space 16384K, 97% used [0x00000000f2100000,0x00000000f309b0a0,0x00000000f3100000)
  to   space 17920K, 0% used [0x00000000f0f00000,0x00000000f0f00000,0x00000000f2080000)
 ParOldGen       total 140800K, used 25139K [0x00000000c0000000, 0x00000000c8980000, 0x00000000eab00000)
  object space 140800K, 17% used [0x00000000c0000000,0x00000000c188ccd8,0x00000000c8980000)
 Metaspace       used 53681K, capacity 55929K, committed 56104K, reserved 1097728K
  class space    used 7516K, capacity 8157K, committed 8232K, reserved 1048576K
Event: 546.107 GC heap after
Heap after GC invocations=13 (full 2):
 PSYoungGen      total 111104K, used 10674K [0x00000000eab00000, 0x00000000f2e00000, 0x0000000100000000)
  eden space 100352K, 0% used [0x00000000eab00000,0x00000000eab00000,0x00000000f0d00000)
  from space 10752K, 99% used [0x00000000f0f00000,0x00000000f196c958,0x00000000f1980000)
  to   space 16896K, 0% used [0x00000000f1d80000,0x00000000f1d80000,0x00000000f2e00000)
 ParOldGen       total 140800K, used 33837K [0x00000000c0000000, 0x00000000c8980000, 0x00000000eab00000)
  object space 140800K, 24% used [0x00000000c0000000,0x00000000c210b468,0x00000000c8980000)
 Metaspace       used 53681K, capacity 55929K, committed 56104K, reserved 1097728K
  class space    used 7516K, capacity 8157K, committed 8232K, reserved 1048576K
}

